<?xml version="1.0" encoding="UTF-8"?>
<!-- Generated by org.testng.reporters.JUnitReportReporter -->
<testsuite hostname="WABTEC-SHIHARA" failures="0" tests="1" name="testCases.TC3001_SelectFromNode" time="0.174" errors="0" timestamp="2024-08-09T09:40:55 IST" skipped="0">
  <testcase classname="testCases.TC3001_SelectFromNode" name="verify_select_from_node" time="0.174"/>
</testsuite> <!-- testCases.TC3001_SelectFromNode -->
