<?xml version="1.0" encoding="UTF-8"?>
<!-- Generated by org.testng.reporters.JUnitReportReporter -->
<testsuite hostname="WABTEC-SHIHARA" failures="0" tests="1" name="testCases.TC6001_ClearSelection" time="45.476" errors="0" timestamp="2024-08-09T09:40:55 IST" skipped="0">
  <testcase classname="testCases.TC6001_ClearSelection" name="verify_clear_selection" time="45.476"/>
</testsuite> <!-- testCases.TC6001_ClearSelection -->
