<?xml version="1.0" encoding="UTF-8"?>
<!-- Generated by org.testng.reporters.JUnitReportReporter -->
<testsuite hostname="WABTEC-SHIHARA" failures="0" tests="1" name="testCases.TC3002_SelectToNode" time="0.156" errors="0" timestamp="2024-08-09T09:40:55 IST" skipped="0">
  <testcase classname="testCases.TC3002_SelectToNode" name="verify_select_to_node" time="0.156"/>
</testsuite> <!-- testCases.TC3002_SelectToNode -->
