<?xml version="1.0" encoding="UTF-8"?>
<!-- Generated by org.testng.reporters.JUnitReportReporter -->
<testsuite hostname="WABTEC-SHIHARA" failures="0" tests="1" name="testCases.TC1001_EnableRandomMode" time="5.181" errors="0" timestamp="2024-08-09T09:40:55 IST" skipped="0">
  <testcase classname="testCases.TC1001_EnableRandomMode" name="verify_enable_random_mode" time="5.181"/>
</testsuite> <!-- testCases.TC1001_EnableRandomMode -->
