<?xml version="1.0" encoding="UTF-8"?>
<!-- Generated by org.testng.reporters.JUnitReportReporter -->
<testsuite hostname="WABTEC-SHIHARA" failures="0" tests="1" name="testCases.TC4002_CalculatePathManualMode" time="3.032" errors="0" timestamp="2024-08-09T09:40:55 IST" skipped="0">
  <testcase classname="testCases.TC4002_CalculatePathManualMode" name="verify_calculate_path_maual_mode" time="3.032"/>
</testsuite> <!-- testCases.TC4002_CalculatePathManualMode -->
