<?xml version="1.0" encoding="UTF-8"?>
<!-- Generated by org.testng.reporters.JUnitReportReporter -->
<testsuite hostname="WABTEC-SHIHARA" failures="0" tests="1" name="testCases.TC5001_DisplayResults" time="2.049" errors="0" timestamp="2024-08-09T09:40:55 IST" skipped="0">
  <testcase classname="testCases.TC5001_DisplayResults" name="verify_dispay_results" time="2.049"/>
</testsuite> <!-- testCases.TC5001_DisplayResults -->
