<?xml version="1.0" encoding="UTF-8"?>
<!-- Generated by org.testng.reporters.JUnitReportReporter -->
<testsuite hostname="WABTEC-SHIHARA" failures="0" tests="1" name="testCases.TC2001_RefreshRandomNodes" time="82.253" errors="0" timestamp="2024-08-09T09:40:55 IST" skipped="0">
  <testcase classname="testCases.TC2001_RefreshRandomNodes" name="verify_refresh_random_nodes" time="82.253"/>
</testsuite> <!-- testCases.TC2001_RefreshRandomNodes -->
