<?xml version="1.0" encoding="UTF-8"?>
<!-- Generated by org.testng.reporters.JUnitReportReporter -->
<testsuite hostname="WABTEC-SHIHARA" failures="0" tests="1" name="testCases.TC1002_DisableRandomMode" time="20.075" errors="0" timestamp="2024-08-09T09:40:55 IST" skipped="0">
  <testcase classname="testCases.TC1002_DisableRandomMode" name="verify_disable_random_mode" time="20.075"/>
</testsuite> <!-- testCases.TC1002_DisableRandomMode -->
